<?xml version="1.0" encoding="UTF-8"?>
<!-- Generated by org.testng.reporters.JUnitXMLReporter -->
<testsuite ignored="0" hostname="DESKTOP-2V6V6GU" failures="0" tests="3" name="Test-1" time="82.444" errors="0" timestamp="2025-03-06T13:00:28 IST">
  <testcase classname="com.comcast.crm.orgtest.CreateOrganizationTest" name="createOrganization" time="29.551"/>
  <testcase classname="com.comcast.crm.orgtest.CreateOrganizationTest" name="createOrganizationWithIndustriesTest" time="10.853"/>
  <testcase classname="com.comcast.crm.orgtest.CreateOrganizationTest" name="createOrganizationWithPhoneNumber" time="9.483"/>
</testsuite> <!-- Test-1 -->
