<?xml version="1.0" encoding="UTF-8"?>
<!-- Generated by org.testng.reporters.JUnitReportReporter -->
<testsuite hostname="DESKTOP-2V6V6GU" failures="0" tests="1" name="practice.pom.repository.SampleTestWithPom" time="4.763" errors="0" timestamp="17 Feb 2025 10:54:11 GMT" skipped="0">
  <testcase classname="practice.pom.repository.SampleTestWithPom" name="sampleTest" time="4.763"/>
</testsuite> <!-- practice.pom.repository.SampleTestWithPom -->
