<?xml version="1.0" encoding="UTF-8"?>
<!-- Generated by org.testng.reporters.JUnitReportReporter -->
<testsuite hostname="DESKTOP-2V6V6GU" failures="0" tests="1" name="practise.basics.p1" time="0.428" errors="0" timestamp="12 Feb 2025 04:55:13 GMT" skipped="0">
  <testcase classname="practise.basics.p1" name="projectCheckTest" time="0.428"/>
</testsuite> <!-- practise.basics.p1 -->
