<?xml version="1.0" encoding="UTF-8"?>
<!-- Generated by org.testng.reporters.JUnitReportReporter -->
<testsuite hostname="DESKTOP-2V6V6GU" failures="0" tests="2" name="practice.testng.SampleTest" time="0.014" errors="0" timestamp="18 Feb 2025 06:49:33 GMT" skipped="0">
  <testcase classname="practice.testng.SampleTest" name="createContactTest" time="0.013"/>
  <testcase classname="practice.testng.SampleTest" name="dreateContactWithMobileNumberTest" time="0.001"/>
</testsuite> <!-- practice.testng.SampleTest -->
