<?xml version="1.0" encoding="UTF-8"?>
<!-- Generated by org.testng.reporters.JUnitReportReporter -->
<testsuite hostname="DESKTOP-2V6V6GU" failures="0" tests="1" name="practice.datadriventesting.ReadRuntimeMavenParameterTest" time="0.012" errors="0" timestamp="07 Feb 2025 09:52:59 GMT" skipped="0">
  <testcase classname="practice.datadriventesting.ReadRuntimeMavenParameterTest" name="runtimeParameterTest" time="0.012"/>
</testsuite> <!-- practice.datadriventesting.ReadRuntimeMavenParameterTest -->
