<?xml version="1.0" encoding="UTF-8"?>
<!-- Generated by org.testng.reporters.JUnitReportReporter -->
<testsuite hostname="DESKTOP-2V6V6GU" failures="0" tests="11" name="practice.testng.OrderTest" time="0.022" errors="0" timestamp="18 Feb 2025 07:04:29 GMT" skipped="1">
  <testcase classname="practice.testng.OrderTest" name="createOrderTest" time="0.001"/>
  <testcase classname="practice.testng.OrderTest" name="createOrderTest" time="0.001"/>
  <testcase classname="practice.testng.OrderTest" name="createOrderTest" time="0.001"/>
  <testcase classname="practice.testng.OrderTest" name="createOrderTest" time="0.001"/>
  <testcase classname="practice.testng.OrderTest" name="createOrderTest" time="0.001"/>
  <testcase classname="practice.testng.OrderTest" name="createOrderTest" time="0.001"/>
  <testcase classname="practice.testng.OrderTest" name="createOrderTest" time="0.002"/>
  <testcase classname="practice.testng.OrderTest" name="createOrderTest" time="0.002"/>
  <testcase classname="practice.testng.OrderTest" name="createOrderTest" time="0.002"/>
  <testcase classname="practice.testng.OrderTest" name="createOrderTest" time="0.010"/>
  <testcase classname="practice.testng.OrderTest" name="billingAndOrderTest">
    <skipped/>
  </testcase> <!-- billingAndOrderTest -->
</testsuite> <!-- practice.testng.OrderTest -->
