<?xml version="1.0" encoding="UTF-8"?>
<!-- Generated by org.testng.reporters.JUnitReportReporter -->
<testsuite hostname="DESKTOP-2V6V6GU" failures="0" tests="2" name="com.pac1.CreateContactTest" time="0.007" errors="0" timestamp="19 Feb 2025 05:36:17 GMT" skipped="0">
  <testcase classname="com.pac1.CreateContactTest" name="createContact" time="0.006"/>
  <testcase classname="com.pac1.CreateContactTest" name="createContactWithDate" time="0.001"/>
</testsuite> <!-- com.pac1.CreateContactTest -->
