<?xml version="1.0" encoding="UTF-8"?>
<!-- Generated by org.testng.reporters.JUnitReportReporter -->
<testsuite hostname="DESKTOP-2V6V6GU" failures="0" tests="3" name="practice.testng.createContact_DP_Test" time="0.017" errors="0" timestamp="18 Feb 2025 08:58:54 GMT" skipped="0">
  <testcase classname="practice.testng.createContact_DP_Test" name="createContact_DP_test" time="0.001"/>
  <testcase classname="practice.testng.createContact_DP_Test" name="createContact_DP_test" time="0.001"/>
  <testcase classname="practice.testng.createContact_DP_Test" name="createContact_DP_test" time="0.015"/>
</testsuite> <!-- practice.testng.createContact_DP_Test -->
