<?xml version="1.0" encoding="UTF-8"?>
<!-- Generated by org.testng.reporters.JUnitReportReporter -->
<testsuite hostname="DESKTOP-2V6V6GU" failures="0" tests="1" name="practice.datadriventesting.ReadDataDFromTestNGxmlTest" time="0.010" errors="0" timestamp="08 Feb 2025 06:16:42 GMT" skipped="0">
  <testcase classname="practice.datadriventesting.ReadDataDFromTestNGxmlTest" name="sampleTest" time="0.010"/>
</testsuite> <!-- practice.datadriventesting.ReadDataDFromTestNGxmlTest -->
