<?xml version="1.0" encoding="UTF-8"?>
<!-- Generated by org.testng.reporters.JUnitReportReporter -->
<testsuite hostname="DESKTOP-2V6V6GU" failures="0" tests="1" name="practice.hometest.HomePageSampleTest" time="0.010" errors="0" timestamp="24 Feb 2025 03:58:52 GMT" skipped="0">
  <testcase classname="practice.hometest.HomePageSampleTest" name="verifyLogoHomePageTest" time="0.010"/>
</testsuite> <!-- practice.hometest.HomePageSampleTest -->
