<?xml version="1.0" encoding="UTF-8"?>
<!-- Generated by org.testng.reporters.JUnitReportReporter -->
<testsuite hostname="DESKTOP-2V6V6GU" failures="0" tests="1" name="practice.testng.SampleReportTest" time="2.296" errors="0" timestamp="26 Feb 2025 07:07:37 GMT" skipped="0">
  <testcase classname="practice.testng.SampleReportTest" name="createContact" time="2.296"/>
</testsuite> <!-- practice.testng.SampleReportTest -->
