<?xml version="1.0" encoding="UTF-8"?>
<!-- Generated by org.testng.reporters.JUnitReportReporter -->
<testsuite hostname="DESKTOP-2V6V6GU" failures="0" tests="2" name="com.crm.comcast.contacttest.CreateContactTest" time="0.007" errors="0" timestamp="06 Mar 2025 08:02:52 GMT" skipped="0">
  <testcase classname="com.crm.comcast.contacttest.CreateContactTest" name="createContactWithDate" time="0.001"/>
  <testcase classname="com.crm.comcast.contacttest.CreateContactTest" name="createContact" time="0.006"/>
</testsuite> <!-- com.crm.comcast.contacttest.CreateContactTest -->
