<?xml version="1.0" encoding="UTF-8"?>
<!-- Generated by org.testng.reporters.JUnitReportReporter -->
<testsuite hostname="DESKTOP-2V6V6GU" failures="0" tests="1" name="practice.datadriventesting.ReadRuntimeMavenParameterTest" time="0.000" errors="0" timestamp="15 Feb 2025 07:47:20 GMT" skipped="0">
  <testcase classname="practice.datadriventesting.ReadRuntimeMavenParameterTest" name="runtimeParameterTest" time="0.000"/>
</testsuite> <!-- practice.datadriventesting.ReadRuntimeMavenParameterTest -->
