<?xml version="1.0" encoding="UTF-8"?>
<!-- Generated by org.testng.reporters.JUnitReportReporter -->
<testsuite hostname="DESKTOP-2V6V6GU" failures="0" tests="1" name="practice.datadriventesting.p1" time="0.446" errors="0" timestamp="15 Feb 2025 07:50:15 GMT" skipped="0">
  <testcase classname="practice.datadriventesting.p1" name="projectCheckTest" time="0.446"/>
</testsuite> <!-- practice.datadriventesting.p1 -->
