<?xml version="1.0" encoding="UTF-8"?>
<!-- Generated by org.testng.reporters.JUnitXMLReporter -->
<testsuite ignored="0" hostname="DESKTOP-2V6V6GU" failures="0" tests="3" name="Test-2" time="27.72" errors="0" timestamp="20 Feb 2025 12:39:59 GMT">
  <testcase classname="com.comcast.crm.contacttest.CreateContactTest" name="CreateContactWithOrgTest" time="9.294"/>
  <testcase classname="com.comcast.crm.contacttest.CreateContactTest" name="CreateContactWithSupportDateTest" time="3.863"/>
  <testcase classname="com.comcast.crm.contacttest.CreateContactTest" name="createContactTest" time="3.164"/>
</testsuite> <!-- Test-2 -->
