<?xml version="1.0" encoding="UTF-8"?>
<!-- Generated by org.testng.reporters.JUnitReportReporter -->
<testsuite hostname="DESKTOP-2V6V6GU" failures="0" tests="2" name="pack1.ContactTest" time="0.010" errors="0" timestamp="2025-03-03T17:42:18 IST" skipped="0">
  <testcase classname="pack1.ContactTest" name="modifyContactTest" time="0.001"/>
  <testcase classname="pack1.ContactTest" name="createContactTest" time="0.009"/>
</testsuite> <!-- pack1.ContactTest -->
