<?xml version="1.0" encoding="UTF-8"?>
<!-- Generated by org.testng.reporters.JUnitReportReporter -->
<testsuite hostname="DESKTOP-2V6V6GU" failures="0" tests="2" name="pack2.orgTest" time="0.017" errors="0" timestamp="2025-03-05T15:59:59 IST" skipped="0">
  <testcase classname="pack2.orgTest" name="modifyOrgTest" time="0.005"/>
  <testcase classname="pack2.orgTest" name="createOrgTest" time="0.012"/>
</testsuite> <!-- pack2.orgTest -->
