<?xml version="1.0" encoding="UTF-8"?>
<!-- Generated by org.testng.reporters.JUnitReportReporter -->
<testsuite hostname="DESKTOP-2V6V6GU" failures="0" tests="1" name="com.comcast.crm.contacttest.CreateContactTest" time="12.147" errors="0" timestamp="27 Feb 2025 07:14:36 GMT" skipped="0">
  <testcase classname="com.comcast.crm.contacttest.CreateContactTest" name="CreateContactWithSupportDateTest" time="12.147"/>
</testsuite> <!-- com.comcast.crm.contacttest.CreateContactTest -->
