<?xml version="1.0" encoding="UTF-8"?>
<!-- Generated by org.testng.reporters.JUnitReportReporter -->
<testsuite hostname="DESKTOP-2V6V6GU" failures="0" tests="1" name="practice.test.FoodDataProviderInfoTest" time="0.000" errors="0" timestamp="24 Feb 2025 12:57:21 GMT" skipped="1">
  <testcase classname="practice.test.FoodDataProviderInfoTest" name="foodDataProviderInfoTest" time="0.000">
    <skipped/>
  </testcase> <!-- foodDataProviderInfoTest -->
</testsuite> <!-- practice.test.FoodDataProviderInfoTest -->
