<?xml version="1.0" encoding="UTF-8"?>
<!-- Generated by org.testng.reporters.JUnitReportReporter -->
<testsuite hostname="DESKTOP-2V6V6GU" failures="0" tests="6" name="com.comcast.crm.orgtest.CreateOrganizationTest" time="89.937" errors="0" timestamp="23 Feb 2025 05:44:22 GMT" skipped="0">
  <testcase classname="com.comcast.crm.orgtest.CreateOrganizationTest" name="createOrganizationWithIndustriesTest" time="15.007"/>
  <testcase classname="com.comcast.crm.orgtest.CreateOrganizationTest" name="createOrganizationWithPhoneNumber" time="14.477"/>
  <testcase classname="com.comcast.crm.orgtest.CreateOrganizationTest" name="createOrganizationWithPhoneNumber" time="14.510"/>
  <testcase classname="com.comcast.crm.orgtest.CreateOrganizationTest" name="createOrganizationWithIndustriesTest" time="15.432"/>
  <testcase classname="com.comcast.crm.orgtest.CreateOrganizationTest" name="createOrganization" time="14.976"/>
  <testcase classname="com.comcast.crm.orgtest.CreateOrganizationTest" name="createOrganization" time="15.535"/>
</testsuite> <!-- com.comcast.crm.orgtest.CreateOrganizationTest -->
