<?xml version="1.0" encoding="UTF-8"?>
<!-- Generated by org.testng.reporters.JUnitReportReporter -->
<testsuite hostname="DESKTOP-2V6V6GU" failures="0" tests="1" name="practice.test.TestMethod2" time="0.008" errors="0" timestamp="26 Feb 2025 11:18:08 GMT" skipped="0">
  <testcase classname="practice.test.TestMethod2" name="TestMethod" time="0.008"/>
</testsuite> <!-- practice.test.TestMethod2 -->
