<?xml version="1.0" encoding="UTF-8"?>
<!-- Generated by org.testng.reporters.JUnitReportReporter -->
<testsuite hostname="DESKTOP-2V6V6GU" failures="0" tests="1" name="org.Online_Shopping_Application.Books.UserSessionValidationTest" time="1.346" errors="0" timestamp="2025-03-19T10:19:18 IST" skipped="0">
  <testcase classname="org.Online_Shopping_Application.Books.UserSessionValidationTest" name="UserProfileUpdateTest" time="1.346"/>
  <system-out/>
</testsuite> <!-- org.Online_Shopping_Application.Books.UserSessionValidationTest -->
