<?xml version="1.0" encoding="UTF-8"?>
<!-- Generated by org.testng.reporters.JUnitReportReporter -->
<testsuite hostname="DESKTOP-2V6V6GU" failures="0" tests="5" name="testcases.SearchTest" time="23.408" errors="0" timestamp="2025-02-04T16:55:49 IST" skipped="0">
  <testcase classname="testcases.SearchTest" name="searchtestcase" time="4.470"/>
  <system-out>
    <![CDATA[Application launched sucessfully
Search test case complited sucessfully]]>
  </system-out>
  <testcase classname="testcases.SearchTest" name="searchtestcase" time="4.373"/>
  <system-out>
    <![CDATA[Application launched sucessfully
Search test case complited sucessfully]]>
  </system-out>
  <testcase classname="testcases.SearchTest" name="searchtestcase" time="4.417"/>
  <system-out>
    <![CDATA[Application launched sucessfully
Search test case complited sucessfully]]>
  </system-out>
  <testcase classname="testcases.SearchTest" name="searchtestcase" time="4.602"/>
  <system-out>
    <![CDATA[Application launched sucessfully
Search test case complited sucessfully]]>
  </system-out>
  <testcase classname="testcases.SearchTest" name="searchtestcase" time="5.546"/>
  <system-out>
    <![CDATA[Application launched sucessfully
Search test case complited sucessfully]]>
  </system-out>
</testsuite> <!-- testcases.SearchTest -->
