<?xml version="1.0" encoding="UTF-8"?>
<!-- Generated by org.testng.reporters.JUnitReportReporter -->
<testsuite hostname="DESKTOP-2V6V6GU" failures="0" tests="1" name="testcases.SubscribeTest" time="5.741" errors="0" timestamp="2025-02-04T16:35:59 IST" skipped="0">
  <testcase classname="testcases.SubscribeTest" name="Subscribetest" time="5.741"/>
  <system-out>
    <![CDATA[Application launched sucessfully
Subscribed sucessfully]]>
  </system-out>
</testsuite> <!-- testcases.SubscribeTest -->
