<?xml version="1.0" encoding="UTF-8"?>
<!-- Generated by org.testng.reporters.JUnitReportReporter -->
<testsuite hostname="DESKTOP-2V6V6GU" failures="0" tests="4" name="testng_features.SampleTest" time="0.013" errors="0" timestamp="2025-02-04T15:17:30 IST" skipped="0">
  <testcase classname="testng_features.SampleTest" name="Demo" time="0.011"/>
  <system-out/>
  <testcase classname="testng_features.SampleTest" name="LoginTest" time="0.001"/>
  <system-out/>
  <testcase classname="testng_features.SampleTest" name="RegisterTest" time="0.000"/>
  <system-out/>
  <testcase classname="testng_features.SampleTest" name="SearchTest" time="0.001"/>
  <system-out/>
</testsuite> <!-- testng_features.SampleTest -->
