<?xml version="1.0" encoding="UTF-8"?>
<!-- Generated by org.testng.reporters.JUnitReportReporter -->
<testsuite hostname="DESKTOP-2V6V6GU" failures="0" tests="1" name="testcases.VoteTest" time="8.108" errors="0" timestamp="2025-02-04T16:35:59 IST" skipped="0">
  <testcase classname="testcases.VoteTest" name="Votetest" time="8.108"/>
  <system-out>
    <![CDATA[Application was launched sucessfully
Sucessfully voted]]>
  </system-out>
</testsuite> <!-- testcases.VoteTest -->
