<?xml version="1.0" encoding="UTF-8"?>
<!-- Generated by org.testng.reporters.JUnitReportReporter -->
<testsuite hostname="DESKTOP-2V6V6GU" failures="0" tests="1" name="org.Online_Shopping_Application.Books.IntegrationTestCase1" time="1.192" errors="0" timestamp="2025-03-14T10:31:47 IST" skipped="0">
  <testcase classname="org.Online_Shopping_Application.Books.IntegrationTestCase1" name="integrationTestCase1" time="1.192"/>
  <system-out/>
</testsuite> <!-- org.Online_Shopping_Application.Books.IntegrationTestCase1 -->
