<?xml version="1.0" encoding="UTF-8"?>
<!-- Generated by org.testng.reporters.JUnitReportReporter -->
<testsuite hostname="DESKTOP-2V6V6GU" failures="0" tests="1" name="org.Online_Shopping_Application.Books.AddToCart" time="1.252" errors="0" timestamp="2025-03-14T16:41:13 IST" skipped="0">
  <testcase classname="org.Online_Shopping_Application.Books.AddToCart" name="addToCart" time="1.252"/>
  <system-out/>
</testsuite> <!-- org.Online_Shopping_Application.Books.AddToCart -->
