<?xml version="1.0" encoding="UTF-8"?>
<!-- Generated by org.testng.reporters.JUnitReportReporter -->
<testsuite hostname="DESKTOP-2V6V6GU" failures="0" tests="1" name="com.comcast.crm.productstest.CreateProductsTest" time="13.127" errors="0" timestamp="24 Feb 2025 12:45:47 GMT" skipped="0">
  <testcase classname="com.comcast.crm.productstest.CreateProductsTest" name="CreateProductsWithQuantityTest" time="13.127"/>
</testsuite> <!-- com.comcast.crm.productstest.CreateProductsTest -->
