<?xml version="1.0" encoding="UTF-8"?>
<!-- Generated by org.testng.reporters.JUnitReportReporter -->
<testsuite hostname="DESKTOP-2V6V6GU" failures="0" tests="1" name="practice.test.test" time="8.662" errors="0" timestamp="22 Feb 2025 06:24:55 GMT" skipped="0">
  <testcase classname="practice.test.test" name="test" time="8.662"/>
</testsuite> <!-- practice.test.test -->
