<?xml version="1.0" encoding="UTF-8"?>
<!-- Generated by org.testng.reporters.JUnitReportReporter -->
<testsuite hostname="DESKTOP-2V6V6GU" failures="0" tests="1" name="docker.BrowserStackCode" time="11.462" errors="0" timestamp="2025-03-21T13:27:24 IST" skipped="0">
  <testcase classname="docker.BrowserStackCode" name="sampleTest" time="11.462"/>
  <system-out/>
</testsuite> <!-- docker.BrowserStackCode -->
