<?xml version="1.0" encoding="UTF-8"?>
<!-- Generated by org.testng.reporters.JUnitReportReporter -->
<testsuite hostname="DESKTOP-2V6V6GU" failures="0" tests="1" name="org.Online_Shopping_Application.Books.AddToCartTest" time="6.568" errors="0" timestamp="2025-03-17T17:32:48 IST" skipped="0">
  <testcase classname="org.Online_Shopping_Application.Books.AddToCartTest" name="addToCartTest" time="6.568"/>
  <system-out/>
</testsuite> <!-- org.Online_Shopping_Application.Books.AddToCartTest -->
