<?xml version="1.0" encoding="UTF-8"?>
<!-- Generated by org.testng.reporters.JUnitReportReporter -->
<testsuite hostname="DESKTOP-2V6V6GU" failures="0" tests="2" name="org.Online_Shopping_Application.Books.AddToCartTest" time="13.008" errors="0" timestamp="2025-03-18T15:22:08 IST" skipped="0">
  <testcase classname="org.Online_Shopping_Application.Books.AddToCartTest" name="addToCartTest" time="6.701"/>
  <system-out/>
  <testcase classname="org.Online_Shopping_Application.Books.AddToCartTest" name="prodCompareFromProdDisplayPageTest" time="6.307"/>
  <system-out/>
</testsuite> <!-- org.Online_Shopping_Application.Books.AddToCartTest -->
