<?xml version="1.0" encoding="UTF-8"?>
<!-- Generated by org.testng.reporters.JUnitXMLReporter -->
<testsuite ignored="0" hostname="DESKTOP-2V6V6GU" failures="0" tests="2" name="Test-1" time="13.088" errors="0" timestamp="2025-03-17T16:28:58 IST">
  <testcase classname="org.Online_Shopping_Application.Books.AddToCartTest" name="addToCartTest" time="2.301"/>
  <testcase classname="org.Online_Shopping_Application.Books.AddToCartTest" name="prodCompareFromProdDisplayPageTest" time="2.119"/>
</testsuite> <!-- Test-1 -->
